十月 14, 2021 2:37:11 下午 io.github.yedaxia.apidocs.LogUtils info
信息: info: find java src paths:  [/Users/qinyixuan/IdeaProjects/NewChannel/doc/src/main/java/]
十月 14, 2021 2:37:11 下午 io.github.yedaxia.apidocs.LogUtils info
信息: info: project type not set, try to figure out...
十月 14, 2021 2:37:11 下午 io.github.yedaxia.apidocs.LogUtils info
信息: info: start find controllers in path : /Users/qinyixuan/IdeaProjects/NewChannel/doc/src/main/java/
十月 14, 2021 2:37:11 下午 io.github.yedaxia.apidocs.LogUtils info
信息: info: find controller file : RunApiController.java
十月 14, 2021 2:37:11 下午 io.github.yedaxia.apidocs.LogUtils info
信息: info: find controller file : JApiDocsController.java
十月 14, 2021 2:37:11 下午 io.github.yedaxia.apidocs.LogUtils info
信息: info: find controller file : SwaggerController.java
十月 14, 2021 2:37:11 下午 io.github.yedaxia.apidocs.LogUtils info
信息: info: find controller file : SmartDocController.java
十月 14, 2021 2:37:11 下午 io.github.yedaxia.apidocs.LogUtils info
信息: info: start to parse controller file : RunApiController.java
十月 14, 2021 2:37:11 下午 io.github.yedaxia.apidocs.LogUtils info
信息: info: we think T should not be an enum type
十月 14, 2021 2:37:11 下午 io.github.yedaxia.apidocs.LogUtils warn
警告: warning!! Cannot find java file , in java file : /Users/qinyixuan/IdeaProjects/NewChannel/doc/src/main/java/cn/qyx/doc/bean/ResultBean.java, className : T, we cannot found more information of it, you've better to make it a JavaBean
十月 14, 2021 2:37:11 下午 io.github.yedaxia.apidocs.LogUtils info
信息: info: success to parse controller file : RunApiController.java
十月 14, 2021 2:37:11 下午 io.github.yedaxia.apidocs.LogUtils info
信息: info: start to parse controller file : JApiDocsController.java
十月 14, 2021 2:37:11 下午 io.github.yedaxia.apidocs.LogUtils info
信息: info: success to parse controller file : JApiDocsController.java
十月 14, 2021 2:37:11 下午 io.github.yedaxia.apidocs.LogUtils info
信息: info: start to parse controller file : SwaggerController.java
十月 14, 2021 2:37:11 下午 io.github.yedaxia.apidocs.LogUtils info
信息: info: success to parse controller file : SwaggerController.java
十月 14, 2021 2:37:11 下午 io.github.yedaxia.apidocs.LogUtils info
信息: info: start to parse controller file : SmartDocController.java
十月 14, 2021 2:37:11 下午 io.github.yedaxia.apidocs.LogUtils info
信息: info: success to parse controller file : SmartDocController.java
十月 14, 2021 2:37:11 下午 io.github.yedaxia.apidocs.LogUtils info
信息: info: generate api docs start...
十月 14, 2021 2:37:11 下午 io.github.yedaxia.apidocs.LogUtils info
信息: info: start to generate docs for controller file : /Users/qinyixuan/IdeaProjects/NewChannel/doc/src/main/java/cn/qyx/doc/controller/RunApiController.java
十月 14, 2021 2:37:12 下午 io.github.yedaxia.apidocs.LogUtils info
信息: info: success to generate docs for controller file : /Users/qinyixuan/IdeaProjects/NewChannel/doc/src/main/java/cn/qyx/doc/controller/RunApiController.java
十月 14, 2021 2:37:12 下午 io.github.yedaxia.apidocs.LogUtils info
信息: info: start to generate docs for controller file : /Users/qinyixuan/IdeaProjects/NewChannel/doc/src/main/java/cn/qyx/doc/controller/JApiDocsController.java
十月 14, 2021 2:37:12 下午 io.github.yedaxia.apidocs.LogUtils info
信息: info: success to generate docs for controller file : /Users/qinyixuan/IdeaProjects/NewChannel/doc/src/main/java/cn/qyx/doc/controller/JApiDocsController.java
十月 14, 2021 2:37:12 下午 io.github.yedaxia.apidocs.LogUtils info
信息: info: start to generate docs for controller file : /Users/qinyixuan/IdeaProjects/NewChannel/doc/src/main/java/cn/qyx/doc/controller/SwaggerController.java
十月 14, 2021 2:37:12 下午 io.github.yedaxia.apidocs.LogUtils info
信息: info: success to generate docs for controller file : /Users/qinyixuan/IdeaProjects/NewChannel/doc/src/main/java/cn/qyx/doc/controller/SwaggerController.java
十月 14, 2021 2:37:12 下午 io.github.yedaxia.apidocs.LogUtils info
信息: info: start to generate docs for controller file : /Users/qinyixuan/IdeaProjects/NewChannel/doc/src/main/java/cn/qyx/doc/controller/SmartDocController.java
十月 14, 2021 2:37:12 下午 io.github.yedaxia.apidocs.LogUtils info
信息: info: success to generate docs for controller file : /Users/qinyixuan/IdeaProjects/NewChannel/doc/src/main/java/cn/qyx/doc/controller/SmartDocController.java
十月 14, 2021 2:37:12 下午 io.github.yedaxia.apidocs.LogUtils info
信息: info: generate index start !!!
十月 14, 2021 2:37:12 下午 io.github.yedaxia.apidocs.LogUtils info
信息: info: generate index done !!!
十月 14, 2021 2:37:12 下午 io.github.yedaxia.apidocs.LogUtils info
信息: info: generate api docs done !!!
